<?xml version="1.0" encoding="UTF-8"?>
<testng-results ignored="0" total="1" passed="1" failed="0" skipped="0">
  <reporter-output>
  </reporter-output>
  <suite started-at="2024-10-02T23:50:08 IST" name="Default suite" finished-at="2024-10-02T23:50:15 IST" duration-ms="6814">
    <groups>
    </groups>
    <test started-at="2024-10-02T23:50:08 IST" name="Default test" finished-at="2024-10-02T23:50:15 IST" duration-ms="6814">
      <class name="SeleniumPractice.Screenshot">
        <test-method signature="captureScreenShot()[pri:0, instance:SeleniumPractice.Screenshot@2e005c4b]" started-at="2024-10-02T23:50:08 IST" name="captureScreenShot" finished-at="2024-10-02T23:50:15 IST" duration-ms="6761" status="PASS">
          <reporter-output>
          </reporter-output>
        </test-method> <!-- captureScreenShot -->
      </class> <!-- SeleniumPractice.Screenshot -->
    </test> <!-- Default test -->
  </suite> <!-- Default suite -->
</testng-results>
